<?xml version="1.0" encoding="UTF-8"?>
<testsuite name="ShipTest" tests="10" skipped="0" failures="0" errors="0" timestamp="2025-08-24T20:58:41.212Z" hostname="Jazils-Computer-2.local" time="0.005">
  <properties/>
  <testcase name="String direction: unknown string defaults to horizontal (no exception)" classname="ShipTest" time="0.001"/>
  <testcase name="isHit()/hit(): horizontal ship marks X at the match index, Y at the last matching index (current behavior)" classname="ShipTest" time="0.0"/>
  <testcase name="Null Boolean direction triggers NPE during populateSpots (isVertical auto-unboxing)" classname="ShipTest" time="0.001"/>
  <testcase name="Boolean+String ctor: vertical placement builds spots along +Y" classname="ShipTest" time="0.001"/>
  <testcase name="String+String ctor: 'vertical' produces vertical spots; 'submarine' size=2" classname="ShipTest" time="0.0"/>
  <testcase name="Boolean+String ctor: horizontal placement builds spots along +X" classname="ShipTest" time="0.0"/>
  <testcase name="Size aliases map correctly (aircraftcarrier/air/a -&gt; size 5, type 'a')" classname="ShipTest" time="0.001"/>
  <testcase name="Invalid size strings are swallowed: arrays end up zero-length" classname="ShipTest" time="0.0"/>
  <testcase name="Null String direction throws IllegalArgumentException from setDirection(String)" classname="ShipTest" time="0.0"/>
  <testcase name="isHit(): miss returns false and arrays unchanged" classname="ShipTest" time="0.0"/>
  <system-out><![CDATA[java.lang.IllegalArgumentException: direction of the boat must be either a Boolean or string
java.lang.IllegalArgumentException: size input is not contained in the string list not is it a valid String
]]></system-out>
  <system-err><![CDATA[]]></system-err>
</testsuite>
